commit 91170d7991117bac2c9c6a63bf97fed1b504fb4b
Merge: c6b6d54 f64fcae
Author: GraoMelo <60477737+GraoMelo@users.noreply.github.com>
Date:   Wed Aug 6 06:11:00 2025 -0300

    Merge pull request #4 from GraoMelo/GraoMelo-patch-1
    
    Update README.md
    fixed 3

commit f64fcaeb9a4a1a7fede7fe88870d22acc9d857e8
Author: GraoMelo <60477737+GraoMelo@users.noreply.github.com>
Date:   Wed Aug 6 06:10:37 2025 -0300

    Update README.md

commit c6b6d54e90a744a3b3cd21880f150e61862eebce
Merge: d92bf87 f35d38d
Author: GraoMelo <60477737+GraoMelo@users.noreply.github.com>
Date:   Tue Aug 5 06:23:17 2025 -0300

    Merge pull request #3 from GraoMelo/revert-2-revert-1-GraoMelo-patch-2
    
    Revert "Revert "Update README.md""

commit f35d38d3427d256e983c7fccf8f2c6b1240aea4c
Author: GraoMelo <60477737+GraoMelo@users.noreply.github.com>
Date:   Tue Aug 5 06:23:05 2025 -0300

    Revert "Revert "Update README.md""

commit d92bf8769b82bc0e0fc2c4f2b971278bdeefc702
Merge: 7d1f276 0682aaf
Author: GraoMelo <60477737+GraoMelo@users.noreply.github.com>
Date:   Tue Aug 5 06:22:44 2025 -0300

    Merge pull request #2 from GraoMelo/revert-1-GraoMelo-patch-2
    
    Revert "Update README.md"

commit 0682aaf14b4848e69ccb20a91b82ac9742f4857a
Author: GraoMelo <60477737+GraoMelo@users.noreply.github.com>
Date:   Tue Aug 5 06:21:51 2025 -0300

    Revert "Update README.md"

commit 7d1f276f8c80feceda7174cd6051c00a77c6961c
Merge: 4a6a46c 7bff28d
Author: GraoMelo <60477737+GraoMelo@users.noreply.github.com>
Date:   Mon Aug 4 06:06:33 2025 -0300

    Merge pull request #1 from GraoMelo/GraoMelo-patch-2
    
    Update README.md
    
    fixed

commit 7bff28d8c957e142d15d6fe6d95ceace035d0767
Author: GraoMelo <60477737+GraoMelo@users.noreply.github.com>
Date:   Mon Aug 4 06:04:40 2025 -0300

    Update README.md

commit 4a6a46c3a5710df9fad1bdfbbe6150b7b012a6a8
Author: GraoMelo <60477737+GraoMelo@users.noreply.github.com>
Date:   Mon Aug 4 06:03:17 2025 -0300

    Update README.md
    
    1) add

commit 679b3b1d6e94b0d8d317e76ed4137849057695de
Author: GraoMelo <60477737+GraoMelo@users.noreply.github.com>
Date:   Mon Aug 4 06:01:30 2025 -0300

    Initial commit
91170d7 Merge pull request #4 from GraoMelo/GraoMelo-patch-1
f64fcae Update README.md
c6b6d54 Merge pull request #3 from GraoMelo/revert-2-revert-1-GraoMelo-patch-2
f35d38d Revert "Revert "Update README.md""
d92bf87 Merge pull request #2 from GraoMelo/revert-1-GraoMelo-patch-2
0682aaf Revert "Update README.md"
7d1f276 Merge pull request #1 from GraoMelo/GraoMelo-patch-2
7bff28d Update README.md
4a6a46c Update README.md
679b3b1 Initial commit
